<?xml version="1.0" encoding="UTF-8"?>
<!-- Generated by org.testng.reporters.JUnitReportReporter -->
<testsuite hostname="DESKTOP-HSUH2UU" failures="0" tests="2" name="BasicHTTPRequest.ex1_getRequest" time="13.539" errors="0" timestamp="2024-08-12T20:12:12 IST" skipped="1">
  <testcase classname="BasicHTTPRequest.ex1_getRequest" name="getRequest_ValidID" time="13.539"/>
  <testcase classname="BasicHTTPRequest.ex1_getRequest" name="getSingleStudnet">
    <skipped/>
  </testcase> <!-- getSingleStudnet -->
</testsuite> <!-- BasicHTTPRequest.ex1_getRequest -->
